0 info it worked if it ends with ok
1 verbose cli [ '/usr/bin/nodejs', '/usr/bin/npm', 'start' ]
2 info using npm@3.10.2
3 info using node@v6.2.2
4 verbose run-script [ 'prestart', 'start', 'poststart' ]
5 info lifecycle snowy-the-bot@1.0.0~prestart: snowy-the-bot@1.0.0
6 silly lifecycle snowy-the-bot@1.0.0~prestart: no script for prestart, continuing
7 info lifecycle snowy-the-bot@1.0.0~start: snowy-the-bot@1.0.0
8 verbose lifecycle snowy-the-bot@1.0.0~start: unsafe-perm in lifecycle true
9 verbose lifecycle snowy-the-bot@1.0.0~start: PATH: /usr/lib/node_modules/npm/bin/node-gyp-bin:/home/rifhan/Rifhan/Projects/side-projects/snowy-the-bot/node_modules/.bin:/usr/bin:/usr/local/sbin:/usr/local/bin:/usr/sbin:/usr/bin:/sbin:/bin
10 verbose lifecycle snowy-the-bot@1.0.0~start: CWD: /home/rifhan/Rifhan/Projects/side-projects/snowy-the-bot
11 silly lifecycle snowy-the-bot@1.0.0~start: Args: [ '-c', 'app.js' ]
12 info lifecycle snowy-the-bot@1.0.0~start: Failed to exec start script
13 verbose stack Error: snowy-the-bot@1.0.0 start: `app.js`
13 verbose stack spawn ENOENT
13 verbose stack     at ChildProcess.<anonymous> (/usr/lib/node_modules/npm/lib/utils/spawn.js:33:16)
13 verbose stack     at emitTwo (events.js:106:13)
13 verbose stack     at ChildProcess.emit (events.js:191:7)
13 verbose stack     at maybeClose (internal/child_process.js:852:16)
13 verbose stack     at Process.ChildProcess._handle.onexit (internal/child_process.js:215:5)
14 verbose pkgid snowy-the-bot@1.0.0
15 verbose cwd /home/rifhan/Rifhan/Projects/side-projects/snowy-the-bot
16 error Linux 4.4.0-31-generic
17 error argv "/usr/bin/nodejs" "/usr/bin/npm" "start"
18 error node v6.2.2
19 error npm  v3.10.2
20 error file sh
21 error code ELIFECYCLE
22 error errno ENOENT
23 error syscall spawn
24 error snowy-the-bot@1.0.0 start: `app.js`
24 error spawn ENOENT
25 error Failed at the snowy-the-bot@1.0.0 start script 'app.js'.
25 error Make sure you have the latest version of node.js and npm installed.
25 error If you do, this is most likely a problem with the snowy-the-bot package,
25 error not with npm itself.
25 error Tell the author that this fails on your system:
25 error     app.js
25 error You can get information on how to open an issue for this project with:
25 error     npm bugs snowy-the-bot
25 error Or if that isn't available, you can get their info via:
25 error     npm owner ls snowy-the-bot
25 error There is likely additional logging output above.
26 verbose exit [ 1, true ]
